2023-09-27T18:50:33.573Z [good-recipes-api.log] info GET /favorite/recents
2023-09-27T18:50:33.633Z [good-recipes-api.log] info GET /favorite/most-favorites
2023-09-27T18:52:38.305Z [good-recipes-api.log] info POST /user - {"nome":"John Doe","email":"john.doe@sample.com","senha":"123123","dataNascimento":"2007-09-12"}
2023-09-27T18:53:05.014Z [good-recipes-api.log] info GET /user/login - {"email":"john.doe@sample.com","senha":"123123"}
2023-09-27T18:53:10.348Z [good-recipes-api.log] info GET /favorite/recents
2023-09-27T18:53:10.573Z [good-recipes-api.log] info GET /favorite/most-favorites
2023-09-27T18:54:27.786Z [good-recipes-api.log] info GET /recipe/2/my-recipes
2023-09-27T18:54:30.853Z [good-recipes-api.log] info GET /recipe/2/my-recipes
2023-09-27T18:58:56.949Z [good-recipes-api.log] info POST - /recipe - {"nome":"Red Velvet Cake","horas":"0","minutos":"45","porcoes":"6","segundos":"0","ingredientes":"<li>2 xícaras de farinha de trigo</li><li>1 colher de sopa de fermento em pó</li><li>1 xícara de manteiga</li><li>1 ovo</li><li>1 colher de corante na cor vermelha</li><li>2 colheres de sopa de chocolate em pó</li><li>1 xícara de leite</li><li>2 xícara de açúcar</li><li>1 colher de essência de baunilha</li><li>3 embalagens de cream cheese</li><li>Morangos fatiados e blueberry</li><li>1 colher de sopa de manteiga</li><li>Suco de uma laranja</li>","modoPreparo":"<li>Bater na batedeira o açucar, a manteiga, o ovo e a baunilha. Acrescentar o fermento em pó e aos poucos e alternadamente o leite e a farinha.</li><li>Colocar em uma assadeira, que pode ser alta e pequena (neste caso será necessário cortar a massa no meio para rechear) ou dividir em duas formas iguais (não sendo assim necessário cortar ao meio).</li><li>Levar ao forno por mais ou menos 30 minutos ou até estar completamente assado.</li><li>Bater na batedeira todos os ingredientes. Leve è geladeira para endurecer um pouco.</li><li>Depois de a massa estar fria, desenforme e recheie e cubra com o creme, morangos e blueberry.</li>","usuarioId":"2","imagem":"uploads/1695841134975.jpg"}
2023-09-27T18:59:03.190Z [good-recipes-api.log] info GET /recipe/2/my-recipes
2023-09-27T18:59:05.040Z [good-recipes-api.log] info GET /favorite/2
2023-09-27T18:59:09.536Z [good-recipes-api.log] info GET /recipe/4
2023-09-27T19:01:31.283Z [good-recipes-api.log] info GET /recipe/2/my-recipes
2023-09-27T19:01:33.020Z [good-recipes-api.log] info GET /favorite/2
2023-09-27T19:04:23.193Z [good-recipes-api.log] info POST - /recipe - {"nome":"Macarrão ao molho branco","horas":"0","minutos":"30","porcoes":"6","segundos":"0","ingredientes":"<li>1 pacote de macarrão tipo talharim</li><li>1 colher (sopa) de maizena</li><li>folhas de manjericão fresco</li><li>2 cebolas médias picadas</li><li>queijo ralado</li><li>1 lata de creme de leite</li><li>2 tabletes de caldo de galinha</li><li>azeite</li><li>água</li>","modoPreparo":"<li>Cozinhe o macarrão em muita água até ficar macio.</li><li>Reserve.</li><li>Refogue a cebola no azeite e acrescente água o suficiente para o molho.</li><li>Coloque o caldo de galinha e deixe dissolver.</li><li>Quando a água estiver fervendo, dissolva a maisena em um pouco de água e acrescente.</li><li>Coloque o manjericão.</li><li>Assim que levantar fervura, coloque o creme de leite.</li><li>Deixe ferver novamente, sempre mexendo.</li><li>Despeje em cima do macarrão e polvilhe o queijo ralado.</li><li>Sirva quente.</li>","usuarioId":"2","imagem":"uploads/1695841460995.jpg"}
2023-09-27T19:04:27.827Z [good-recipes-api.log] info GET /recipe/2/my-recipes
2023-09-27T19:04:29.568Z [good-recipes-api.log] info GET /favorite/2
2023-09-27T19:04:29.848Z [good-recipes-api.log] info GET /favorite/2
2023-09-27T19:07:51.343Z [good-recipes-api.log] info POST - /recipe - {"nome":"Pizza Caseira","horas":"0","minutos":"30","porcoes":"16","segundos":"0","ingredientes":"<li>4 copos de farinha de trigo</li><li>1 tablete de fermento fresco</li><li>1 copo de leite</li><li>1 pitada de sal (a gosto)</li><li>1 copo de óleo de soja</li><li>1 ovo</li><li>1/2 copo de água</li><li>1 pitada de açúcar</li>","modoPreparo":"<li>Em uma vasilha adicione todos os ingredientes, amassando até soltar das mãos.</li><li>Sovar bem a massa e deixar descansar por 30 minutos, coberta com um pano de prato. Untar o tabuleiro com fina camada de óleo e esticar a massa no mesmo.</li><li>Cobrir com o recheio: o recheio fica à critério: mussarela, presunto, calabresa, alho torrado, portuguesa (presunto, queijo, cebola, tomate, pimentão, ovo cozido, azeitonas), atum etc. Levar ao forno por 30 minutos.</li><li>Porção para duas formas de 30 cm de diâmetro.</li>","usuarioId":"2","imagem":"uploads/1695841669706.jpg"}
2023-09-27T19:07:54.422Z [good-recipes-api.log] info GET /recipe/2/my-recipes
2023-09-27T19:07:56.178Z [good-recipes-api.log] info GET /favorite/2
2023-09-27T19:07:56.420Z [good-recipes-api.log] info GET /favorite/2
2023-09-27T19:07:56.693Z [good-recipes-api.log] info GET /favorite/2
2023-09-27T19:08:41.603Z [good-recipes-api.log] info GET /favorite/recents
2023-09-27T19:08:41.640Z [good-recipes-api.log] info GET /favorite/most-favorites
2023-09-27T19:08:44.342Z [good-recipes-api.log] info GET /favorite/2
2023-09-27T19:08:44.566Z [good-recipes-api.log] info GET /favorite/2
2023-09-27T19:08:44.795Z [good-recipes-api.log] info GET /favorite/2
2023-09-27T19:08:45.061Z [good-recipes-api.log] info GET /favorite/2
2023-09-27T19:08:45.285Z [good-recipes-api.log] info GET /favorite/2
2023-09-27T19:08:45.512Z [good-recipes-api.log] info GET /favorite/2
2023-09-27T19:14:25.558Z [good-recipes-api.log] info GET /favorite/recents
2023-09-27T19:14:25.561Z [good-recipes-api.log] info GET /favorite/most-favorites
2023-09-27T19:14:58.771Z [good-recipes-api.log] info GET /favorite/recents
2023-09-27T19:14:58.818Z [good-recipes-api.log] info GET /favorite/most-favorites
2023-09-27T19:18:35.673Z [good-recipes-api.log] info GET /favorite/recents
2023-09-27T19:18:35.676Z [good-recipes-api.log] info GET /favorite/most-favorites
2023-09-27T19:29:08.885Z [good-recipes-api.log] info GET /recipe/4
2023-09-27T19:40:21.380Z [good-recipes-api.log] info GET /favorite/recents
2023-09-27T19:40:21.424Z [good-recipes-api.log] info GET /favorite/most-favorites
2023-09-27T19:40:26.176Z [good-recipes-api.log] info GET /recipe/5
2023-09-27T19:41:01.855Z [good-recipes-api.log] info GET /user/login - {"email":"john.doe@sample.com","senha":"123123"}
2023-09-27T19:41:04.198Z [good-recipes-api.log] info GET /favorite/recents
2023-09-27T19:41:04.422Z [good-recipes-api.log] info GET /favorite/most-favorites
2023-09-27T19:41:06.968Z [good-recipes-api.log] info GET /favorite/2
2023-09-27T19:41:07.181Z [good-recipes-api.log] info GET /favorite/2
2023-09-27T19:41:07.396Z [good-recipes-api.log] info GET /favorite/2
2023-09-27T19:41:07.611Z [good-recipes-api.log] info GET /favorite/2
2023-09-27T19:41:07.821Z [good-recipes-api.log] info GET /favorite/2
2023-09-27T19:41:08.036Z [good-recipes-api.log] info GET /favorite/2
2023-09-27T19:41:12.638Z [good-recipes-api.log] info GET /recipe/2/my-recipes
2023-09-27T19:41:14.371Z [good-recipes-api.log] info GET /favorite/2
2023-09-27T19:41:14.586Z [good-recipes-api.log] info GET /favorite/2
2023-09-27T19:41:14.799Z [good-recipes-api.log] info GET /favorite/2
2023-09-27T19:41:18.196Z [good-recipes-api.log] info GET /favorite/2
2023-09-27T19:41:32.147Z [good-recipes-api.log] info GET /recipe/2/my-recipes
2023-09-27T19:41:33.879Z [good-recipes-api.log] info GET /favorite/2
2023-09-27T19:41:34.088Z [good-recipes-api.log] info GET /favorite/2
2023-09-27T19:41:34.300Z [good-recipes-api.log] info GET /favorite/2
2023-09-27T19:42:09.202Z [good-recipes-api.log] info GET /user/2
2023-09-27T19:58:34.447Z [good-recipes-api.log] info GET /favorite/recents
2023-09-27T19:58:34.528Z [good-recipes-api.log] info GET /favorite/most-favorites
2023-09-27T20:11:32.047Z [good-recipes-api.log] error POST  - Usuário já cadastrado no sistema!
2023-09-27T20:12:34.781Z [good-recipes-api.log] error POST  - Usuário já cadastrado no sistema!
2023-09-27T20:13:54.023Z [good-recipes-api.log] error POST  - Usuário já cadastrado no sistema!
2023-09-27T20:14:35.730Z [good-recipes-api.log] error POST  - Usuário já cadastrado no sistema!
2023-09-27T20:14:49.334Z [good-recipes-api.log] error POST  - Usuário já cadastrado no sistema!
2023-09-27T20:15:49.021Z [good-recipes-api.log] error POST  - Usuário já cadastrado no sistema!
2023-09-27T20:17:28.762Z [good-recipes-api.log] error POST  - Usuário já cadastrado no sistema!
2023-09-27T20:17:50.601Z [good-recipes-api.log] error POST  - Usuário já cadastrado no sistema!
2023-09-27T20:18:55.395Z [good-recipes-api.log] error POST  - Usuário já cadastrado no sistema!
2023-09-27T20:19:00.974Z [good-recipes-api.log] error POST  - Usuário já cadastrado no sistema!
2023-09-27T20:20:04.021Z [good-recipes-api.log] error POST  - Usuário já cadastrado no sistema!
2023-09-27T20:20:48.655Z [good-recipes-api.log] error POST  - Usuário já cadastrado no sistema!
2023-09-27T20:24:46.658Z [good-recipes-api.log] error POST  - Usuário já cadastrado no sistema!
2023-09-27T20:28:56.721Z [good-recipes-api.log] error POST  - Usuário já cadastrado no sistema!
2023-09-27T20:30:39.223Z [good-recipes-api.log] error POST  - Usuário já cadastrado no sistema!
2023-09-27T20:31:35.134Z [good-recipes-api.log] error POST  - Usuário já cadastrado no sistema!
2023-09-27T20:34:51.667Z [good-recipes-api.log] info POST /user - {"nome":"John Doe","email":"john.doe@sample.com","senha":"123126","dataNascimento":"2000-08-12"}
2023-09-27T20:40:47.644Z [good-recipes-api.log] error POST  - Usuário já cadastrado no sistema!
2023-09-27T20:40:52.552Z [good-recipes-api.log] error POST  - Usuário já cadastrado no sistema!
2023-09-27T20:41:28.437Z [good-recipes-api.log] error POST  - Usuário já cadastrado no sistema!
2023-09-27T20:41:49.692Z [good-recipes-api.log] error POST  - Usuário já cadastrado no sistema!
2023-09-27T20:42:56.869Z [good-recipes-api.log] error POST  - Usuário já cadastrado no sistema!
2023-09-27T20:44:18.490Z [good-recipes-api.log] error POST  - Usuário já cadastrado no sistema!
2023-09-27T20:44:48.710Z [good-recipes-api.log] error POST  - Usuário já cadastrado no sistema!
2023-09-27T20:47:38.275Z [good-recipes-api.log] info POST /user - {"nome":"John Doe","email":"john.doe@sample.com","senha":"123128","dataNascimento":"2000-08-12"}
2023-09-27T20:54:34.842Z [good-recipes-api.log] error POST  - Usuário já cadastrado no sistema!
2023-09-27T20:54:44.498Z [good-recipes-api.log] info POST /user - {"nome":"Taiza","email":"taizamarquesousa@gmail.com","senha":"123123","dataNascimento":"2000-08-12"}
2023-09-27T20:57:41.976Z [good-recipes-api.log] info GET /user/login - {"email":"john.doe@sample.com","senha":"123123"}
2023-09-27T20:57:47.273Z [good-recipes-api.log] info GET /favorite/recents
2023-09-27T20:57:47.484Z [good-recipes-api.log] info GET /favorite/most-favorites
2023-09-27T20:57:50.111Z [good-recipes-api.log] info GET /favorite/2
2023-09-27T20:57:50.462Z [good-recipes-api.log] info GET /favorite/2
2023-09-27T20:57:50.770Z [good-recipes-api.log] info GET /favorite/2
2023-09-27T20:57:51.077Z [good-recipes-api.log] info GET /favorite/2
2023-09-27T20:57:51.384Z [good-recipes-api.log] info GET /favorite/2
2023-09-27T20:57:51.670Z [good-recipes-api.log] info GET /favorite/2
2023-09-27T20:57:52.817Z [good-recipes-api.log] info GET /recipe/2/my-recipes
2023-09-27T20:57:54.662Z [good-recipes-api.log] info GET /favorite/2
2023-09-27T20:57:54.968Z [good-recipes-api.log] info GET /favorite/2
2023-09-27T20:57:55.274Z [good-recipes-api.log] info GET /favorite/2
